<?xml version="1.0" encoding="UTF-8"?>
<testsuite xmlns:xsi="http://www.w3.org/2001/XMLSchema-instance" xsi:noNamespaceSchemaLocation="https://maven.apache.org/surefire/maven-surefire-plugin/xsd/surefire-test-report-3.0.xsd" version="3.0" name="com.mycompany.chatapp.MessageLastPartTest" time="0.36" tests="10" errors="0" skipped="0" failures="0">
  <properties>
    <property name="java.specification.version" value="23"/>
    <property name="sun.cpu.isalist" value="amd64"/>
    <property name="sun.jnu.encoding" value="Cp1252"/>
    <property name="java.class.path" value="C:\Users\Moniquev\Documents\NetBeansProjects\ChatApp\target\test-classes;C:\Users\Moniquev\Documents\NetBeansProjects\ChatApp\target\classes;C:\Users\Moniquev\.m2\repository\com\fasterxml\jackson\core\jackson-databind\2.15.2\jackson-databind-2.15.2.jar;C:\Users\Moniquev\.m2\repository\com\fasterxml\jackson\core\jackson-annotations\2.15.2\jackson-annotations-2.15.2.jar;C:\Users\Moniquev\.m2\repository\com\fasterxml\jackson\core\jackson-core\2.15.2\jackson-core-2.15.2.jar;C:\Users\Moniquev\.m2\repository\org\junit\jupiter\junit-jupiter\5.9.3\junit-jupiter-5.9.3.jar;C:\Users\Moniquev\.m2\repository\org\junit\jupiter\junit-jupiter-api\5.9.3\junit-jupiter-api-5.9.3.jar;C:\Users\Moniquev\.m2\repository\org\opentest4j\opentest4j\1.2.0\opentest4j-1.2.0.jar;C:\Users\Moniquev\.m2\repository\org\junit\platform\junit-platform-commons\1.9.3\junit-platform-commons-1.9.3.jar;C:\Users\Moniquev\.m2\repository\org\apiguardian\apiguardian-api\1.1.2\apiguardian-api-1.1.2.jar;C:\Users\Moniquev\.m2\repository\org\junit\jupiter\junit-jupiter-params\5.9.3\junit-jupiter-params-5.9.3.jar;C:\Users\Moniquev\.m2\repository\org\junit\jupiter\junit-jupiter-engine\5.9.3\junit-jupiter-engine-5.9.3.jar;C:\Users\Moniquev\.m2\repository\org\junit\platform\junit-platform-engine\1.9.3\junit-platform-engine-1.9.3.jar;"/>
    <property name="java.vm.vendor" value="Oracle Corporation"/>
    <property name="sun.arch.data.model" value="64"/>
    <property name="user.variant" value=""/>
    <property name="java.vendor.url" value="https://java.oracle.com/"/>
    <property name="user.timezone" value="Africa/Johannesburg"/>
    <property name="os.name" value="Windows 11"/>
    <property name="java.vm.specification.version" value="23"/>
    <property name="user.country" value="ZA"/>
    <property name="sun.java.launcher" value="SUN_STANDARD"/>
    <property name="sun.boot.library.path" value="C:\Program Files\Java\jdk-23\bin"/>
    <property name="sun.java.command" value="C:\Users\Moniquev\AppData\Local\Temp\surefire10089313627420951936\surefirebooter-20250614225612741_3.jar C:\Users\Moniquev\AppData\Local\Temp\surefire10089313627420951936 2025-06-14T22-56-12_593-jvmRun1 surefire-20250614225612741_1tmp surefire_0-20250614225612741_2tmp"/>
    <property name="jdk.debug" value="release"/>
    <property name="test" value="com.mycompany.chatapp.MessageLastPartTest"/>
    <property name="surefire.test.class.path" value="C:\Users\Moniquev\Documents\NetBeansProjects\ChatApp\target\test-classes;C:\Users\Moniquev\Documents\NetBeansProjects\ChatApp\target\classes;C:\Users\Moniquev\.m2\repository\com\fasterxml\jackson\core\jackson-databind\2.15.2\jackson-databind-2.15.2.jar;C:\Users\Moniquev\.m2\repository\com\fasterxml\jackson\core\jackson-annotations\2.15.2\jackson-annotations-2.15.2.jar;C:\Users\Moniquev\.m2\repository\com\fasterxml\jackson\core\jackson-core\2.15.2\jackson-core-2.15.2.jar;C:\Users\Moniquev\.m2\repository\org\junit\jupiter\junit-jupiter\5.9.3\junit-jupiter-5.9.3.jar;C:\Users\Moniquev\.m2\repository\org\junit\jupiter\junit-jupiter-api\5.9.3\junit-jupiter-api-5.9.3.jar;C:\Users\Moniquev\.m2\repository\org\opentest4j\opentest4j\1.2.0\opentest4j-1.2.0.jar;C:\Users\Moniquev\.m2\repository\org\junit\platform\junit-platform-commons\1.9.3\junit-platform-commons-1.9.3.jar;C:\Users\Moniquev\.m2\repository\org\apiguardian\apiguardian-api\1.1.2\apiguardian-api-1.1.2.jar;C:\Users\Moniquev\.m2\repository\org\junit\jupiter\junit-jupiter-params\5.9.3\junit-jupiter-params-5.9.3.jar;C:\Users\Moniquev\.m2\repository\org\junit\jupiter\junit-jupiter-engine\5.9.3\junit-jupiter-engine-5.9.3.jar;C:\Users\Moniquev\.m2\repository\org\junit\platform\junit-platform-engine\1.9.3\junit-platform-engine-1.9.3.jar;"/>
    <property name="sun.cpu.endian" value="little"/>
    <property name="user.home" value="C:\Users\Moniquev"/>
    <property name="user.language" value="en"/>
    <property name="java.specification.vendor" value="Oracle Corporation"/>
    <property name="java.version.date" value="2025-01-21"/>
    <property name="java.home" value="C:\Program Files\Java\jdk-23"/>
    <property name="file.separator" value="\"/>
    <property name="basedir" value="C:\Users\Moniquev\Documents\NetBeansProjects\ChatApp"/>
    <property name="java.vm.compressedOopsMode" value="32-bit"/>
    <property name="line.separator" value="&#10;"/>
    <property name="java.vm.specification.vendor" value="Oracle Corporation"/>
    <property name="java.specification.name" value="Java Platform API Specification"/>
    <property name="surefire.real.class.path" value="C:\Users\Moniquev\AppData\Local\Temp\surefire10089313627420951936\surefirebooter-20250614225612741_3.jar"/>
    <property name="user.script" value=""/>
    <property name="sun.management.compiler" value="HotSpot 64-Bit Tiered Compilers"/>
    <property name="java.runtime.version" value="23.0.2+7-58"/>
    <property name="user.name" value="31610927"/>
    <property name="stdout.encoding" value="Cp1252"/>
    <property name="path.separator" value=";"/>
    <property name="os.version" value="10.0"/>
    <property name="java.runtime.name" value="Java(TM) SE Runtime Environment"/>
    <property name="file.encoding" value="UTF-8"/>
    <property name="java.vm.name" value="Java HotSpot(TM) 64-Bit Server VM"/>
    <property name="maven.ext.class.path" value="C:\Program Files\NetBeans-25\netbeans\java\maven-nblib\netbeans-eventspy.jar"/>
    <property name="localRepository" value="C:\Users\Moniquev\.m2\repository"/>
    <property name="java.vendor.url.bug" value="https://bugreport.java.com/bugreport/"/>
    <property name="java.io.tmpdir" value="C:\Users\Moniquev\AppData\Local\Temp\"/>
    <property name="java.version" value="23.0.2"/>
    <property name="user.dir" value="C:\Users\Moniquev\Documents\NetBeansProjects\ChatApp"/>
    <property name="os.arch" value="amd64"/>
    <property name="java.vm.specification.name" value="Java Virtual Machine Specification"/>
    <property name="sun.os.patch.level" value=""/>
    <property name="native.encoding" value="Cp1252"/>
    <property name="java.library.path" value="C:\Program Files\Java\jdk-23\bin;C:\WINDOWS\Sun\Java\bin;C:\WINDOWS\system32;C:\WINDOWS;C:\Program Files\Common Files\Oracle\Java\javapath;C:\WINDOWS\system32;C:\WINDOWS;C:\WINDOWS\System32\Wbem;C:\WINDOWS\System32\WindowsPowerShell\v1.0\;C:\WINDOWS\System32\OpenSSH\;C:\Program Files\dotnet\;C:\Program Files\Java\jdk-23\bin;C:\Program Files\gradle-8.10\bin;C:\Program Files\Git\cmd;C:\Users\Moniquev\AppData\Local\Microsoft\WindowsApps;C:\Users\Moniquev\AppData\Local\Programs\Microsoft VS Code\bin;."/>
    <property name="java.vm.info" value="mixed mode, sharing"/>
    <property name="stderr.encoding" value="Cp1252"/>
    <property name="java.vendor" value="Oracle Corporation"/>
    <property name="java.vm.version" value="23.0.2+7-58"/>
    <property name="sun.io.unicode.encoding" value="UnicodeLittle"/>
    <property name="java.class.version" value="67.0"/>
  </properties>
  <testcase name="testDeleteByHash_NonExistentHash" classname="com.mycompany.chatapp.MessageLastPartTest" time="0.042">
    <system-out><![CDATA[createMessageHash: hash=00:0:Didcake?
Constructor: messageId=0000000000, messageHash=00:0:Didcake?, recipient=+27834557896,sender=+27123456789, message=Did you get the cake?, flag=Sent
checkMessage: message=Did you get the cake?, valid=true
checkRecipientCell: recipient=+27834557896, valid=true
createMessageHash: hash=00:0:Ittime!
Constructor: messageId=0000000001, messageHash=00:0:Ittime!, recipient=+27838884567,sender=+27123456789, message=It is dinner time!, flag=Sent
checkMessage: message=It is dinner time!, valid=true
checkRecipientCell: recipient=+27838884567, valid=true
msg1 messageId: 0000000000
msg2 messageId: 0000000001
createMessageHash: hash=00:0:Didcake?
Constructor: messageId=0000000002, messageHash=00:0:Didcake?, recipient=+27834557896,sender=+27123456789, message=Did you get the cake?, flag=Sent
checkMessage: message=Did you get the cake?, valid=true
checkRecipientCell: recipient=+27834557896, valid=true
createMessageHash: hash=00:0:Wheretime.
Constructor: messageId=0000000003, messageHash=00:0:Wheretime., recipient=+27838884567,sender=+27123456789, message=Where are you? You are late! I have asked you to be on time., flag=Stored
checkMessage: message=Where are you? You are late! I have asked you to be on time., valid=true
checkRecipientCell: recipient=+27838884567, valid=true
createMessageHash: hash=00:0:Yohooo,gate.
Constructor: messageId=0000000004, messageHash=00:0:Yohooo,gate., recipient=+27834484567,sender=+27123456789, message=Yohooo, I am at your gate., flag=Disregard
checkMessage: message=Yohooo, I am at your gate., valid=true
checkRecipientCell: recipient=+27834484567, valid=true
createMessageHash: hash=00:0:Ittime!
Constructor: messageId=0000000005, messageHash=00:0:Ittime!, recipient=+27838884567,sender=+27123456789, message=It is dinner time!, flag=Sent
checkMessage: message=It is dinner time!, valid=true
checkRecipientCell: recipient=+27838884567, valid=true
createMessageHash: hash=00:0:Ok,you.
Constructor: messageId=0000000006, messageHash=00:0:Ok,you., recipient=+27838884567,sender=+27123456789, message=Ok, I am leaving without you., flag=Stored
checkMessage: message=Ok, I am leaving without you., valid=true
checkRecipientCell: recipient=+27838884567, valid=true
]]></system-out>
  </testcase>
  <testcase name="testSearchByMessageId" classname="com.mycompany.chatapp.MessageLastPartTest" time="0.005">
    <system-out><![CDATA[createMessageHash: hash=00:0:Didcake?
Constructor: messageId=0000000000, messageHash=00:0:Didcake?, recipient=+27834557896,sender=+27123456789, message=Did you get the cake?, flag=Sent
checkMessage: message=Did you get the cake?, valid=true
checkRecipientCell: recipient=+27834557896, valid=true
createMessageHash: hash=00:0:Ittime!
Constructor: messageId=0000000001, messageHash=00:0:Ittime!, recipient=+27838884567,sender=+27123456789, message=It is dinner time!, flag=Sent
checkMessage: message=It is dinner time!, valid=true
checkRecipientCell: recipient=+27838884567, valid=true
msg1 messageId: 0000000000
msg2 messageId: 0000000001
createMessageHash: hash=00:0:Didcake?
Constructor: messageId=0000000002, messageHash=00:0:Didcake?, recipient=+27834557896,sender=+27123456789, message=Did you get the cake?, flag=Sent
checkMessage: message=Did you get the cake?, valid=true
checkRecipientCell: recipient=+27834557896, valid=true
createMessageHash: hash=00:0:Wheretime.
Constructor: messageId=0000000003, messageHash=00:0:Wheretime., recipient=+27838884567,sender=+27123456789, message=Where are you? You are late! I have asked you to be on time., flag=Stored
checkMessage: message=Where are you? You are late! I have asked you to be on time., valid=true
checkRecipientCell: recipient=+27838884567, valid=true
createMessageHash: hash=00:0:Yohooo,gate.
Constructor: messageId=0000000004, messageHash=00:0:Yohooo,gate., recipient=+27834484567,sender=+27123456789, message=Yohooo, I am at your gate., flag=Disregard
checkMessage: message=Yohooo, I am at your gate., valid=true
checkRecipientCell: recipient=+27834484567, valid=true
createMessageHash: hash=00:0:Ittime!
Constructor: messageId=0000000005, messageHash=00:0:Ittime!, recipient=+27838884567,sender=+27123456789, message=It is dinner time!, flag=Sent
checkMessage: message=It is dinner time!, valid=true
checkRecipientCell: recipient=+27838884567, valid=true
createMessageHash: hash=00:0:Ok,you.
Constructor: messageId=0000000006, messageHash=00:0:Ok,you., recipient=+27838884567,sender=+27123456789, message=Ok, I am leaving without you., flag=Stored
checkMessage: message=Ok, I am leaving without you., valid=true
checkRecipientCell: recipient=+27838884567, valid=true
Searching for messageId: 0000000001
Checking sentMessages: messageId=0000000000, recipient=+27834557896, message=Did you get the cake?
Checking sentMessages: messageId=0000000001, recipient=+27838884567, message=It is dinner time!
Match found in sentMessages: +27838884567, It is dinner time!
]]></system-out>
  </testcase>
  <testcase name="testSentMessagesArray" classname="com.mycompany.chatapp.MessageLastPartTest" time="0.007">
    <system-out><![CDATA[createMessageHash: hash=00:0:Didcake?
Constructor: messageId=0000000000, messageHash=00:0:Didcake?, recipient=+27834557896,sender=+27123456789, message=Did you get the cake?, flag=Sent
checkMessage: message=Did you get the cake?, valid=true
checkRecipientCell: recipient=+27834557896, valid=true
createMessageHash: hash=00:0:Ittime!
Constructor: messageId=0000000001, messageHash=00:0:Ittime!, recipient=+27838884567,sender=+27123456789, message=It is dinner time!, flag=Sent
checkMessage: message=It is dinner time!, valid=true
checkRecipientCell: recipient=+27838884567, valid=true
msg1 messageId: 0000000000
msg2 messageId: 0000000001
createMessageHash: hash=00:0:Didcake?
Constructor: messageId=0000000002, messageHash=00:0:Didcake?, recipient=+27834557896,sender=+27123456789, message=Did you get the cake?, flag=Sent
checkMessage: message=Did you get the cake?, valid=true
checkRecipientCell: recipient=+27834557896, valid=true
createMessageHash: hash=00:0:Wheretime.
Constructor: messageId=0000000003, messageHash=00:0:Wheretime., recipient=+27838884567,sender=+27123456789, message=Where are you? You are late! I have asked you to be on time., flag=Stored
checkMessage: message=Where are you? You are late! I have asked you to be on time., valid=true
checkRecipientCell: recipient=+27838884567, valid=true
createMessageHash: hash=00:0:Yohooo,gate.
Constructor: messageId=0000000004, messageHash=00:0:Yohooo,gate., recipient=+27834484567,sender=+27123456789, message=Yohooo, I am at your gate., flag=Disregard
checkMessage: message=Yohooo, I am at your gate., valid=true
checkRecipientCell: recipient=+27834484567, valid=true
createMessageHash: hash=00:0:Ittime!
Constructor: messageId=0000000005, messageHash=00:0:Ittime!, recipient=+27838884567,sender=+27123456789, message=It is dinner time!, flag=Sent
checkMessage: message=It is dinner time!, valid=true
checkRecipientCell: recipient=+27838884567, valid=true
createMessageHash: hash=00:0:Ok,you.
Constructor: messageId=0000000006, messageHash=00:0:Ok,you., recipient=+27838884567,sender=+27123456789, message=Ok, I am leaving without you., flag=Stored
checkMessage: message=Ok, I am leaving without you., valid=true
checkRecipientCell: recipient=+27838884567, valid=true
]]></system-out>
  </testcase>
  <testcase name="testSearchByMessageIdFirstSent" classname="com.mycompany.chatapp.MessageLastPartTest" time="0.003">
    <system-out><![CDATA[createMessageHash: hash=00:0:Didcake?
Constructor: messageId=0000000000, messageHash=00:0:Didcake?, recipient=+27834557896,sender=+27123456789, message=Did you get the cake?, flag=Sent
checkMessage: message=Did you get the cake?, valid=true
checkRecipientCell: recipient=+27834557896, valid=true
createMessageHash: hash=00:0:Ittime!
Constructor: messageId=0000000001, messageHash=00:0:Ittime!, recipient=+27838884567,sender=+27123456789, message=It is dinner time!, flag=Sent
checkMessage: message=It is dinner time!, valid=true
checkRecipientCell: recipient=+27838884567, valid=true
msg1 messageId: 0000000000
msg2 messageId: 0000000001
createMessageHash: hash=00:0:Didcake?
Constructor: messageId=0000000002, messageHash=00:0:Didcake?, recipient=+27834557896,sender=+27123456789, message=Did you get the cake?, flag=Sent
checkMessage: message=Did you get the cake?, valid=true
checkRecipientCell: recipient=+27834557896, valid=true
createMessageHash: hash=00:0:Wheretime.
Constructor: messageId=0000000003, messageHash=00:0:Wheretime., recipient=+27838884567,sender=+27123456789, message=Where are you? You are late! I have asked you to be on time., flag=Stored
checkMessage: message=Where are you? You are late! I have asked you to be on time., valid=true
checkRecipientCell: recipient=+27838884567, valid=true
createMessageHash: hash=00:0:Yohooo,gate.
Constructor: messageId=0000000004, messageHash=00:0:Yohooo,gate., recipient=+27834484567,sender=+27123456789, message=Yohooo, I am at your gate., flag=Disregard
checkMessage: message=Yohooo, I am at your gate., valid=true
checkRecipientCell: recipient=+27834484567, valid=true
createMessageHash: hash=00:0:Ittime!
Constructor: messageId=0000000005, messageHash=00:0:Ittime!, recipient=+27838884567,sender=+27123456789, message=It is dinner time!, flag=Sent
checkMessage: message=It is dinner time!, valid=true
checkRecipientCell: recipient=+27838884567, valid=true
createMessageHash: hash=00:0:Ok,you.
Constructor: messageId=0000000006, messageHash=00:0:Ok,you., recipient=+27838884567,sender=+27123456789, message=Ok, I am leaving without you., flag=Stored
checkMessage: message=Ok, I am leaving without you., valid=true
checkRecipientCell: recipient=+27838884567, valid=true
Searching for messageId: 0000000000
Checking sentMessages: messageId=0000000000, recipient=+27834557896, message=Did you get the cake?
Match found in sentMessages: +27834557896, Did you get the cake?
]]></system-out>
  </testcase>
  <testcase name="testDeleteByHash" classname="com.mycompany.chatapp.MessageLastPartTest" time="0.006">
    <system-out><![CDATA[createMessageHash: hash=00:0:Didcake?
Constructor: messageId=0000000000, messageHash=00:0:Didcake?, recipient=+27834557896,sender=+27123456789, message=Did you get the cake?, flag=Sent
checkMessage: message=Did you get the cake?, valid=true
checkRecipientCell: recipient=+27834557896, valid=true
createMessageHash: hash=00:0:Ittime!
Constructor: messageId=0000000001, messageHash=00:0:Ittime!, recipient=+27838884567,sender=+27123456789, message=It is dinner time!, flag=Sent
checkMessage: message=It is dinner time!, valid=true
checkRecipientCell: recipient=+27838884567, valid=true
msg1 messageId: 0000000000
msg2 messageId: 0000000001
createMessageHash: hash=00:0:Didcake?
Constructor: messageId=0000000002, messageHash=00:0:Didcake?, recipient=+27834557896,sender=+27123456789, message=Did you get the cake?, flag=Sent
checkMessage: message=Did you get the cake?, valid=true
checkRecipientCell: recipient=+27834557896, valid=true
createMessageHash: hash=00:0:Wheretime.
Constructor: messageId=0000000003, messageHash=00:0:Wheretime., recipient=+27838884567,sender=+27123456789, message=Where are you? You are late! I have asked you to be on time., flag=Stored
checkMessage: message=Where are you? You are late! I have asked you to be on time., valid=true
checkRecipientCell: recipient=+27838884567, valid=true
createMessageHash: hash=00:0:Yohooo,gate.
Constructor: messageId=0000000004, messageHash=00:0:Yohooo,gate., recipient=+27834484567,sender=+27123456789, message=Yohooo, I am at your gate., flag=Disregard
checkMessage: message=Yohooo, I am at your gate., valid=true
checkRecipientCell: recipient=+27834484567, valid=true
createMessageHash: hash=00:0:Ittime!
Constructor: messageId=0000000005, messageHash=00:0:Ittime!, recipient=+27838884567,sender=+27123456789, message=It is dinner time!, flag=Sent
checkMessage: message=It is dinner time!, valid=true
checkRecipientCell: recipient=+27838884567, valid=true
createMessageHash: hash=00:0:Ok,you.
Constructor: messageId=0000000006, messageHash=00:0:Ok,you., recipient=+27838884567,sender=+27123456789, message=Ok, I am leaving without you., flag=Stored
checkMessage: message=Ok, I am leaving without you., valid=true
checkRecipientCell: recipient=+27838884567, valid=true
]]></system-out>
  </testcase>
  <testcase name="testLoadMessagesFromJson" classname="com.mycompany.chatapp.MessageLastPartTest" time="0.247">
    <system-out><![CDATA[createMessageHash: hash=00:0:Didcake?
Constructor: messageId=0000000000, messageHash=00:0:Didcake?, recipient=+27834557896,sender=+27123456789, message=Did you get the cake?, flag=Sent
checkMessage: message=Did you get the cake?, valid=true
checkRecipientCell: recipient=+27834557896, valid=true
createMessageHash: hash=00:0:Ittime!
Constructor: messageId=0000000001, messageHash=00:0:Ittime!, recipient=+27838884567,sender=+27123456789, message=It is dinner time!, flag=Sent
checkMessage: message=It is dinner time!, valid=true
checkRecipientCell: recipient=+27838884567, valid=true
msg1 messageId: 0000000000
msg2 messageId: 0000000001
createMessageHash: hash=00:0:Didcake?
Constructor: messageId=0000000002, messageHash=00:0:Didcake?, recipient=+27834557896,sender=+27123456789, message=Did you get the cake?, flag=Sent
checkMessage: message=Did you get the cake?, valid=true
checkRecipientCell: recipient=+27834557896, valid=true
createMessageHash: hash=00:0:Wheretime.
Constructor: messageId=0000000003, messageHash=00:0:Wheretime., recipient=+27838884567,sender=+27123456789, message=Where are you? You are late! I have asked you to be on time., flag=Stored
checkMessage: message=Where are you? You are late! I have asked you to be on time., valid=true
checkRecipientCell: recipient=+27838884567, valid=true
createMessageHash: hash=00:0:Yohooo,gate.
Constructor: messageId=0000000004, messageHash=00:0:Yohooo,gate., recipient=+27834484567,sender=+27123456789, message=Yohooo, I am at your gate., flag=Disregard
checkMessage: message=Yohooo, I am at your gate., valid=true
checkRecipientCell: recipient=+27834484567, valid=true
createMessageHash: hash=00:0:Ittime!
Constructor: messageId=0000000005, messageHash=00:0:Ittime!, recipient=+27838884567,sender=+27123456789, message=It is dinner time!, flag=Sent
checkMessage: message=It is dinner time!, valid=true
checkRecipientCell: recipient=+27838884567, valid=true
createMessageHash: hash=00:0:Ok,you.
Constructor: messageId=0000000006, messageHash=00:0:Ok,you., recipient=+27838884567,sender=+27123456789, message=Ok, I am leaving without you., flag=Stored
checkMessage: message=Ok, I am leaving without you., valid=true
checkRecipientCell: recipient=+27838884567, valid=true
createMessageHash: hash=00:0:Test1
Constructor: messageId=0000000007, messageHash=00:0:Test1, recipient=+27834557896,sender=+27123456789, message=Test message 1, flag=Sent
checkMessage: message=Test message 1, valid=true
checkRecipientCell: recipient=+27834557896, valid=true
createMessageHash: hash=00:0:Test2
Constructor: messageId=0000000008, messageHash=00:0:Test2, recipient=+27838884567,sender=+27123456789, message=Test message 2, flag=Stored
checkMessage: message=Test message 2, valid=true
checkRecipientCell: recipient=+27838884567, valid=true
]]></system-out>
  </testcase>
  <testcase name="testDisplaySentMessages" classname="com.mycompany.chatapp.MessageLastPartTest" time="0.004">
    <system-out><![CDATA[createMessageHash: hash=00:0:Didcake?
Constructor: messageId=0000000000, messageHash=00:0:Didcake?, recipient=+27834557896,sender=+27123456789, message=Did you get the cake?, flag=Sent
checkMessage: message=Did you get the cake?, valid=true
checkRecipientCell: recipient=+27834557896, valid=true
createMessageHash: hash=00:0:Ittime!
Constructor: messageId=0000000001, messageHash=00:0:Ittime!, recipient=+27838884567,sender=+27123456789, message=It is dinner time!, flag=Sent
checkMessage: message=It is dinner time!, valid=true
checkRecipientCell: recipient=+27838884567, valid=true
msg1 messageId: 0000000000
msg2 messageId: 0000000001
createMessageHash: hash=00:0:Didcake?
Constructor: messageId=0000000002, messageHash=00:0:Didcake?, recipient=+27834557896,sender=+27123456789, message=Did you get the cake?, flag=Sent
checkMessage: message=Did you get the cake?, valid=true
checkRecipientCell: recipient=+27834557896, valid=true
createMessageHash: hash=00:0:Wheretime.
Constructor: messageId=0000000003, messageHash=00:0:Wheretime., recipient=+27838884567,sender=+27123456789, message=Where are you? You are late! I have asked you to be on time., flag=Stored
checkMessage: message=Where are you? You are late! I have asked you to be on time., valid=true
checkRecipientCell: recipient=+27838884567, valid=true
createMessageHash: hash=00:0:Yohooo,gate.
Constructor: messageId=0000000004, messageHash=00:0:Yohooo,gate., recipient=+27834484567,sender=+27123456789, message=Yohooo, I am at your gate., flag=Disregard
checkMessage: message=Yohooo, I am at your gate., valid=true
checkRecipientCell: recipient=+27834484567, valid=true
createMessageHash: hash=00:0:Ittime!
Constructor: messageId=0000000005, messageHash=00:0:Ittime!, recipient=+27838884567,sender=+27123456789, message=It is dinner time!, flag=Sent
checkMessage: message=It is dinner time!, valid=true
checkRecipientCell: recipient=+27838884567, valid=true
createMessageHash: hash=00:0:Ok,you.
Constructor: messageId=0000000006, messageHash=00:0:Ok,you., recipient=+27838884567,sender=+27123456789, message=Ok, I am leaving without you., flag=Stored
checkMessage: message=Ok, I am leaving without you., valid=true
checkRecipientCell: recipient=+27838884567, valid=true
]]></system-out>
  </testcase>
  <testcase name="testDisplayReport" classname="com.mycompany.chatapp.MessageLastPartTest" time="0.002"/>
  <testcase name="testSearchByRecipient" classname="com.mycompany.chatapp.MessageLastPartTest" time="0.003"/>
  <testcase name="testLongestMessage" classname="com.mycompany.chatapp.MessageLastPartTest" time="0.002"/>
</testsuite>